none
none
none
none
none
none
none
"follower" "Airiam" "Jonathan_Archer" 1;
"follower" "Airiam" "Ayala" 2;
"follower" "Airiam" "Ayala" "Jonathan_Archer" 2;
"follower" "Airiam" 3;
"follower" "Airiam" 5;
"follower" "Airiam" 5;
"follower" "Airiam" 6;
"follower" "Airiam" 10;
"follower" "Airiam" 11;
"follower" "Airiam" 13;
"follower" "Airiam" 16;
"follower" "Airiam" 18;
"follower" "Airiam" 18;
"follower" "Airiam" 19;
"follower" "Airiam" 19;
"follower" "Airiam" 19;
"follower" "Airiam" 19;
"follower" "Airiam" 19;
"follower" "Airiam" 19;
"follower" "Airiam" 19;
"admirer" "Ayala" "Jonathan_Archer" "Leonardo_da_Vinci" 1; "follower" "Airiam" 19;
"admirer" "Airiam" "Ayala" "Bareil_Antos" "Jonathan_Archer" 2; "follower" "Airiam" 19;
"admirer" "Ayala" 3; "follower" "Airiam" 19;
"admirer" "Ayala" 3; "follower" "Airiam" 19;
"admirer" "Airiam" "Ayala" 3; "follower" "Airiam" 19;
"admirer" "Airiam" "Ayala" 3; "follower" "Airiam" 19;
"admirer" "Airiam" "Ayala" "Bareil_Antos" "Jonathan_Archer" 3; "follower" "Airiam" 19;
"admirer" "Airiam" "Ayala" 5; "follower" "Airiam" 19;
"admirer" "Ayala" 6; "follower" "Airiam" 19;
"admirer" "Ayala" 8; "follower" "Airiam" 19;
"admirer" "Ayala" 11; "follower" "Airiam" 19;
"admirer" "Ayala" 13; "follower" "Airiam" 19;
